[INFO] Scanning for projects...
[INFO] 
[INFO] ---------------------< sptech.school:crud-imagem >----------------------
[INFO] Building crud-imagem 0.0.1-SNAPSHOT
[INFO]   from pom.xml
[INFO] --------------------------------[ jar ]---------------------------------
[INFO] 
[INFO] --- resources:3.3.1:resources (default-resources) @ crud-imagem ---
[INFO] Copying 1 resource from src\main\resources to target\classes
[INFO] Copying 1 resource from src\main\resources to target\classes
[INFO] 
[INFO] --- compiler:3.13.0:compile (default-compile) @ crud-imagem ---
[INFO] Recompiling the module because of changed source code.
[INFO] Compiling 153 source files with javac [debug parameters release 21] to target\classes
[INFO] Annotation processing is enabled because one or more processors were found
  on the class path. A future release of javac may disable annotation processing
  unless at least one processor is specified by name (-processor), or a search
  path is specified (--processor-path, --processor-module-path), or annotation
  processing is enabled explicitly (-proc:only, -proc:full).
  Use -Xlint:-options to suppress this message.
  Use -proc:none to disable annotation processing.
[INFO] -------------------------------------------------------------
[ERROR] COMPILATION ERROR : 
[INFO] -------------------------------------------------------------
[ERROR] /C:/Users/guilh/Downloads/PeTinder-Back/src/main/java/cruds/Pets/entity/Pet.java:[46,21] illegal character: '`'
[ERROR] /C:/Users/guilh/Downloads/PeTinder-Back/src/main/java/cruds/Pets/entity/Pet.java:[48,21] illegal character: '`'
[ERROR] /C:/Users/guilh/Downloads/PeTinder-Back/src/main/java/cruds/Pets/entity/Pet.java:[50,21] illegal character: '`'
[ERROR] /C:/Users/guilh/Downloads/PeTinder-Back/src/main/java/cruds/Pets/entity/Pet.java:[52,21] illegal character: '`'
[INFO] 4 errors 
[INFO] -------------------------------------------------------------
[INFO] ------------------------------------------------------------------------
[INFO] BUILD FAILURE
[INFO] ------------------------------------------------------------------------
[INFO] Total time:  1.472 s
[INFO] Finished at: 2025-09-01T22:20:01-03:00
[INFO] ------------------------------------------------------------------------
[ERROR] Failed to execute goal org.apache.maven.plugins:maven-compiler-plugin:3.13.0:compile (default-compile) on project crud-imagem: Compilation failure: Compilation failure: 
[ERROR] /C:/Users/guilh/Downloads/PeTinder-Back/src/main/java/cruds/Pets/entity/Pet.java:[46,21] illegal character: '`'
[ERROR] /C:/Users/guilh/Downloads/PeTinder-Back/src/main/java/cruds/Pets/entity/Pet.java:[48,21] illegal character: '`'
[ERROR] /C:/Users/guilh/Downloads/PeTinder-Back/src/main/java/cruds/Pets/entity/Pet.java:[50,21] illegal character: '`'
[ERROR] /C:/Users/guilh/Downloads/PeTinder-Back/src/main/java/cruds/Pets/entity/Pet.java:[52,21] illegal character: '`'
[ERROR] -> [Help 1]
[ERROR] 
[ERROR] To see the full stack trace of the errors, re-run Maven with the -e switch.
[ERROR] Re-run Maven using the -X switch to enable full debug logging.
[ERROR] 
[ERROR] For more information about the errors and possible solutions, please read the following articles:
[ERROR] [Help 1] http://cwiki.apache.org/confluence/display/MAVEN/MojoFailureException
